<?xml version="1.0" encoding="UTF-8"?>
<!-- Generated by org.testng.reporters.JUnitReportReporter -->
<testsuite hostname="DESKTOP-2JGO8IH" failures="0" tests="1" name="Test.twoTest" time="5.117" errors="0" timestamp="21 Apr 2024 15:59:14 GMT" skipped="0">
  <testcase classname="Test.twoTest" name="twoTests" time="5.117"/>
</testsuite> <!-- Test.twoTest -->
