<?xml version="1.0" encoding="UTF-8"?>
<!-- Generated by org.testng.reporters.JUnitReportReporter -->
<testsuite hostname="DESKTOP-2JGO8IH" failures="0" tests="1" name="Test.ThreeTest" time="1.495" errors="0" timestamp="2024-04-21T11:42:18 IST" skipped="0">
  <testcase classname="Test.ThreeTest" name="threeTest" time="1.495"/>
</testsuite> <!-- Test.ThreeTest -->
