<?xml version="1.0" encoding="UTF-8"?>
<!-- Generated by org.testng.reporters.JUnitReportReporter -->
<testsuite hostname="DESKTOP-2JGO8IH" failures="0" tests="4" name="Test.ContactUsFormValidationsTest" time="42.201" errors="0" timestamp="22 Apr 2024 15:22:12 GMT" skipped="0">
  <testcase classname="Test.ContactUsFormValidationsTest" name="ContactUsFormNameValidation" time="7.853"/>
  <testcase classname="Test.ContactUsFormValidationsTest" name="ContactUsFormEmailValidation" time="21.408"/>
  <testcase classname="Test.ContactUsFormValidationsTest" name="ContactUsFormPhoneNumberValidation" time="6.421"/>
  <testcase classname="Test.ContactUsFormValidationsTest" name="ContactUsFormCloseValidation" time="6.519"/>
</testsuite> <!-- Test.ContactUsFormValidationsTest -->
