<?xml version="1.0" encoding="UTF-8"?>
<!-- Generated by org.testng.reporters.JUnitReportReporter -->
<testsuite hostname="DESKTOP-2JGO8IH" failures="0" tests="1" name="Test.ContactDetailsForm" time="43.060" errors="0" timestamp="22 Apr 2024 05:42:56 GMT" skipped="0">
  <testcase classname="Test.ContactDetailsForm" name="ContactDetailsForm" time="43.060"/>
</testsuite> <!-- Test.ContactDetailsForm -->
