<?xml version="1.0" encoding="UTF-8"?>
<!-- Generated by org.testng.reporters.JUnitReportReporter -->
<testsuite hostname="DESKTOP-2JGO8IH" failures="0" tests="1" name="Test.ContactUsPageTest" time="29.363" errors="0" timestamp="22 Apr 2024 15:22:12 GMT" skipped="0">
  <testcase classname="Test.ContactUsPageTest" name="LogInTest" time="29.363"/>
</testsuite> <!-- Test.ContactUsPageTest -->
