<?xml version="1.0" encoding="UTF-8"?>
<!-- Generated by org.testng.reporters.JUnitReportReporter -->
<testsuite hostname="DESKTOP-2JGO8IH" failures="0" tests="10" name="Test.ValiationsTest" time="119.493" errors="0" timestamp="22 Apr 2024 05:42:56 GMT" skipped="0">
  <testcase classname="Test.ValiationsTest" name="packagesSearchBoxinValidValueValidation" time="13.081"/>
  <testcase classname="Test.ValiationsTest" name="packagesSearchBoxValidation" time="11.179"/>
  <testcase classname="Test.ValiationsTest" name="logInemailValidation" time="8.479"/>
  <testcase classname="Test.ValiationsTest" name="passwordValidation" time="8.104"/>
  <testcase classname="Test.ValiationsTest" name="firstNameValidation" time="12.433"/>
  <testcase classname="Test.ValiationsTest" name="lastNameValidation" time="12.748"/>
  <testcase classname="Test.ValiationsTest" name="emailValidation" time="13.868"/>
  <testcase classname="Test.ValiationsTest" name="phoneNumberValidation" time="12.735"/>
  <testcase classname="Test.ValiationsTest" name="ageBelowLimitValidation" time="14.105"/>
  <testcase classname="Test.ValiationsTest" name="ageAboveLimitValidation" time="12.761"/>
</testsuite> <!-- Test.ValiationsTest -->
